2025-02-26T18:30:56.580Z  INFO 31065 --- [param-ms] [restartedMain] c.g.elearning.ParamMsApplication         : Starting ParamMsApplication using Java 17.0.13 with PID 31065 (/home/ali-mai/workspace/JEE/elearning-ms/elearning-app/param-ms/target/classes started by ali-mai in /home/ali-mai/workspace/JEE/elearning-ms/elearning-app/param-ms)
2025-02-26T18:30:56.692Z  INFO 31065 --- [param-ms] [restartedMain] c.g.elearning.ParamMsApplication         : No active profile set, falling back to 1 default profile: "default"
2025-02-26T18:30:57.299Z  INFO 31065 --- [param-ms] [restartedMain] .e.DevToolsPropertyDefaultsPostProcessor : Devtools property defaults active! Set 'spring.devtools.add-properties' to 'false' to disable
2025-02-26T18:30:57.316Z  INFO 31065 --- [param-ms] [restartedMain] .e.DevToolsPropertyDefaultsPostProcessor : For additional web related logging consider setting the 'logging.level.web' property to 'DEBUG'
2025-02-26T18:31:09.528Z  INFO 31065 --- [param-ms] [restartedMain] .s.d.r.c.RepositoryConfigurationDelegate : Bootstrapping Spring Data JPA repositories in DEFAULT mode.
2025-02-26T18:31:11.430Z  INFO 31065 --- [param-ms] [restartedMain] .s.d.r.c.RepositoryConfigurationDelegate : Finished Spring Data repository scanning in 1798 ms. Found 3 JPA repository interfaces.
2025-02-26T18:31:13.927Z  INFO 31065 --- [param-ms] [restartedMain] o.s.cloud.context.scope.GenericScope     : BeanFactory id=d9bdc9aa-3cb4-3ccb-bb6e-5311df8a84fc
2025-02-26T18:31:19.433Z  INFO 31065 --- [param-ms] [restartedMain] o.s.b.w.embedded.tomcat.TomcatWebServer  : Tomcat initialized with port 8081 (http)
2025-02-26T18:31:19.501Z  INFO 31065 --- [param-ms] [restartedMain] o.apache.catalina.core.StandardService   : Starting service [Tomcat]
2025-02-26T18:31:19.504Z  INFO 31065 --- [param-ms] [restartedMain] o.apache.catalina.core.StandardEngine    : Starting Servlet engine: [Apache Tomcat/10.1.34]
2025-02-26T18:31:19.756Z  INFO 31065 --- [param-ms] [restartedMain] o.a.c.c.C.[Tomcat].[localhost].[/]       : Initializing Spring embedded WebApplicationContext
2025-02-26T18:31:19.758Z  INFO 31065 --- [param-ms] [restartedMain] w.s.c.ServletWebServerApplicationContext : Root WebApplicationContext: initialization completed in 22431 ms
2025-02-26T18:31:21.218Z DEBUG 31065 --- [param-ms] [restartedMain] o.s.w.f.ServerHttpObservationFilter      : Filter 'webMvcObservationFilter' configured for use
2025-02-26T18:31:22.839Z  INFO 31065 --- [param-ms] [restartedMain] o.hibernate.jpa.internal.util.LogHelper  : HHH000204: Processing PersistenceUnitInfo [name: default]
2025-02-26T18:31:23.755Z  INFO 31065 --- [param-ms] [restartedMain] org.hibernate.Version                    : HHH000412: Hibernate ORM core version 6.6.5.Final
2025-02-26T18:31:23.999Z  INFO 31065 --- [param-ms] [restartedMain] o.h.c.internal.RegionFactoryInitiator    : HHH000026: Second-level cache disabled
2025-02-26T18:31:25.774Z  INFO 31065 --- [param-ms] [restartedMain] o.s.o.j.p.SpringPersistenceUnitInfo      : No LoadTimeWeaver setup: ignoring JPA class transformer
2025-02-26T18:31:26.164Z  INFO 31065 --- [param-ms] [restartedMain] com.zaxxer.hikari.HikariDataSource       : HikariPool-1 - Starting...
2025-02-26T18:31:27.757Z  INFO 31065 --- [param-ms] [restartedMain] com.zaxxer.hikari.pool.HikariPool        : HikariPool-1 - Added connection com.mysql.cj.jdbc.ConnectionImpl@e93db53
2025-02-26T18:31:27.763Z  INFO 31065 --- [param-ms] [restartedMain] com.zaxxer.hikari.HikariDataSource       : HikariPool-1 - Start completed.
2025-02-26T18:31:28.246Z  WARN 31065 --- [param-ms] [restartedMain] org.hibernate.orm.deprecation            : HHH90000025: MySQLDialect does not need to be specified explicitly using 'hibernate.dialect' (remove the property setting and it will be selected by default)
2025-02-26T18:31:28.363Z  INFO 31065 --- [param-ms] [restartedMain] org.hibernate.orm.connections.pooling    : HHH10001005: Database info:
	Database JDBC URL [Connecting through datasource 'HikariDataSource (HikariPool-1)']
	Database driver: undefined/unknown
	Database version: 8.0.41
	Autocommit mode: undefined/unknown
	Isolation level: undefined/unknown
	Minimum pool size: undefined/unknown
	Maximum pool size: undefined/unknown
2025-02-26T18:31:33.691Z  INFO 31065 --- [param-ms] [restartedMain] o.h.e.t.j.p.i.JtaPlatformInitiator       : HHH000489: No JTA platform available (set 'hibernate.transaction.jta.platform' to enable JTA platform integration)
2025-02-26T18:31:33.701Z  INFO 31065 --- [param-ms] [restartedMain] j.LocalContainerEntityManagerFactoryBean : Initialized JPA EntityManagerFactory for persistence unit 'default'
2025-02-26T18:31:37.716Z  WARN 31065 --- [param-ms] [restartedMain] JpaBaseConfiguration$JpaWebConfiguration : spring.jpa.open-in-view is enabled by default. Therefore, database queries may be performed during view rendering. Explicitly configure spring.jpa.open-in-view to disable this warning
2025-02-26T18:31:39.023Z DEBUG 31065 --- [param-ms] [restartedMain] s.w.s.m.m.a.RequestMappingHandlerMapping : 17 mappings in 'requestMappingHandlerMapping'
2025-02-26T18:31:39.749Z DEBUG 31065 --- [param-ms] [restartedMain] o.s.w.s.handler.SimpleUrlHandlerMapping  : Patterns [/webjars/**, /**] in 'resourceHandlerMapping'
2025-02-26T18:31:40.015Z DEBUG 31065 --- [param-ms] [restartedMain] s.w.s.m.m.a.RequestMappingHandlerAdapter : ControllerAdvice beans: 0 @ModelAttribute, 0 @InitBinder, 1 RequestBodyAdvice, 1 ResponseBodyAdvice
2025-02-26T18:31:40.316Z DEBUG 31065 --- [param-ms] [restartedMain] .m.m.a.ExceptionHandlerExceptionResolver : ControllerAdvice beans: 1 @ExceptionHandler, 1 ResponseBodyAdvice
2025-02-26T18:31:45.524Z  INFO 31065 --- [param-ms] [restartedMain] o.s.b.a.h2.H2ConsoleAutoConfiguration    : H2 console available at '/h2-console'. Database available at 'jdbc:mysql://localhost:3306/param-ms-db'
2025-02-26T18:31:45.994Z  INFO 31065 --- [param-ms] [restartedMain] o.s.b.d.a.OptionalLiveReloadServer       : LiveReload server is running on port 35729
2025-02-26T18:31:46.539Z  INFO 31065 --- [param-ms] [restartedMain] DiscoveryClientOptionalArgsConfiguration : Eureka HTTP Client uses RestTemplate.
2025-02-26T18:31:47.255Z  WARN 31065 --- [param-ms] [restartedMain] iguration$LoadBalancerCaffeineWarnLogger : Spring Cloud LoadBalancer is currently working with the default cache. While this cache implementation is useful for development and tests, it's recommended to use Caffeine cache in production.You can switch to using Caffeine cache, by adding it and org.springframework.cache.caffeine.CaffeineCacheManager to the classpath.
2025-02-26T18:31:47.344Z  INFO 31065 --- [param-ms] [restartedMain] o.s.b.a.e.web.EndpointLinksResolver      : Exposing 1 endpoint beneath base path '/actuator'
2025-02-26T18:31:48.163Z  INFO 31065 --- [param-ms] [restartedMain] o.s.c.n.eureka.InstanceInfoFactory       : Setting initial instance status as: STARTING
2025-02-26T18:31:48.290Z  INFO 31065 --- [param-ms] [restartedMain] com.netflix.discovery.DiscoveryClient    : Initializing Eureka in region us-east-1
2025-02-26T18:31:48.303Z  INFO 31065 --- [param-ms] [restartedMain] c.n.d.s.r.aws.ConfigClusterResolver      : Resolving eureka endpoints via configuration
2025-02-26T18:31:48.332Z  INFO 31065 --- [param-ms] [restartedMain] com.netflix.discovery.DiscoveryClient    : Disable delta property : false
2025-02-26T18:31:48.333Z  INFO 31065 --- [param-ms] [restartedMain] com.netflix.discovery.DiscoveryClient    : Single vip registry refresh property : null
2025-02-26T18:31:48.334Z  INFO 31065 --- [param-ms] [restartedMain] com.netflix.discovery.DiscoveryClient    : Force full registry fetch : false
2025-02-26T18:31:48.334Z  INFO 31065 --- [param-ms] [restartedMain] com.netflix.discovery.DiscoveryClient    : Application is null : false
2025-02-26T18:31:48.335Z  INFO 31065 --- [param-ms] [restartedMain] com.netflix.discovery.DiscoveryClient    : Registered Applications size is zero : true
2025-02-26T18:31:48.336Z  INFO 31065 --- [param-ms] [restartedMain] com.netflix.discovery.DiscoveryClient    : Application version is -1: true
2025-02-26T18:31:48.337Z  INFO 31065 --- [param-ms] [restartedMain] com.netflix.discovery.DiscoveryClient    : Getting all instance registry info from the eureka server
2025-02-26T18:31:50.580Z DEBUG 31065 --- [param-ms] [restartedMain] o.s.web.client.RestTemplate              : HTTP GET http://localhost:8761/eureka/apps/
2025-02-26T18:31:53.334Z DEBUG 31065 --- [param-ms] [restartedMain] o.s.web.client.RestTemplate              : Accept=[application/json, application/*+json]
2025-02-26T18:31:54.131Z DEBUG 31065 --- [param-ms] [restartedMain] o.s.web.client.RestTemplate              : Response 200 OK
2025-02-26T18:31:54.182Z DEBUG 31065 --- [param-ms] [restartedMain] o.s.web.client.RestTemplate              : Reading to [org.springframework.cloud.netflix.eureka.http.EurekaApplications]
2025-02-26T18:31:54.366Z  INFO 31065 --- [param-ms] [restartedMain] com.netflix.discovery.DiscoveryClient    : The response status is 200
2025-02-26T18:31:54.379Z  INFO 31065 --- [param-ms] [restartedMain] com.netflix.discovery.DiscoveryClient    : Starting heartbeat executor: renew interval is: 30
2025-02-26T18:31:54.415Z  INFO 31065 --- [param-ms] [restartedMain] c.n.discovery.InstanceInfoReplicator     : InstanceInfoReplicator onDemand update allowed rate per min is 4
2025-02-26T18:31:54.453Z  INFO 31065 --- [param-ms] [restartedMain] com.netflix.discovery.DiscoveryClient    : Discovery Client initialized at timestamp 1740594714423 with initial instances count: 1
2025-02-26T18:31:54.499Z  INFO 31065 --- [param-ms] [restartedMain] o.s.c.n.e.s.EurekaServiceRegistry        : Registering application PARAM-MS with eureka with status UP
2025-02-26T18:31:54.503Z  INFO 31065 --- [param-ms] [restartedMain] com.netflix.discovery.DiscoveryClient    : Saw local status change event StatusChangeEvent [timestamp=1740594714502, current=UP, previous=STARTING]
2025-02-26T18:31:54.509Z  INFO 31065 --- [param-ms] [DiscoveryClient-InstanceInfoReplicator-%d] com.netflix.discovery.DiscoveryClient    : DiscoveryClient_PARAM-MS/192.168.1.94:param-ms:8081: registering service...
2025-02-26T18:31:54.526Z DEBUG 31065 --- [param-ms] [DiscoveryClient-InstanceInfoReplicator-%d] o.s.web.client.RestTemplate              : HTTP POST http://localhost:8761/eureka/apps/PARAM-MS
2025-02-26T18:31:54.549Z DEBUG 31065 --- [param-ms] [DiscoveryClient-InstanceInfoReplicator-%d] o.s.web.client.RestTemplate              : Accept=[application/json, application/*+json]
2025-02-26T18:31:54.669Z DEBUG 31065 --- [param-ms] [DiscoveryClient-InstanceInfoReplicator-%d] o.s.web.client.RestTemplate              : Writing [InstanceInfo [instanceId = 192.168.1.94:param-ms:8081, appName = PARAM-MS, hostName = 192.168.1.94, status = UP, ipAddr = 192.168.1.94, port = 8081, securePort = 443, dataCenterInfo = com.netflix.appinfo.MyDataCenterInfo@5ecdfc6] as "application/json"
2025-02-26T18:31:54.682Z  INFO 31065 --- [param-ms] [restartedMain] o.s.b.w.embedded.tomcat.TomcatWebServer  : Tomcat started on port 8081 (http) with context path '/'
2025-02-26T18:31:54.692Z  INFO 31065 --- [param-ms] [restartedMain] .s.c.n.e.s.EurekaAutoServiceRegistration : Updating port to 8081
2025-02-26T18:31:54.878Z DEBUG 31065 --- [param-ms] [DiscoveryClient-InstanceInfoReplicator-%d] o.s.web.client.RestTemplate              : Response 204 NO_CONTENT
2025-02-26T18:31:54.881Z  INFO 31065 --- [param-ms] [DiscoveryClient-InstanceInfoReplicator-%d] com.netflix.discovery.DiscoveryClient    : DiscoveryClient_PARAM-MS/192.168.1.94:param-ms:8081 - registration status: 204
2025-02-26T18:31:54.979Z  INFO 31065 --- [param-ms] [restartedMain] c.g.elearning.ParamMsApplication         : Started ParamMsApplication in 66.283 seconds (process running for 79.921)
2025-02-26T18:31:55.936Z  INFO 31065 --- [param-ms] [RMI TCP Connection(5)-127.0.0.1] o.a.c.c.C.[Tomcat].[localhost].[/]       : Initializing Spring DispatcherServlet 'dispatcherServlet'
2025-02-26T18:31:55.941Z  INFO 31065 --- [param-ms] [RMI TCP Connection(5)-127.0.0.1] o.s.web.servlet.DispatcherServlet        : Initializing Servlet 'dispatcherServlet'
2025-02-26T18:31:55.949Z DEBUG 31065 --- [param-ms] [RMI TCP Connection(5)-127.0.0.1] o.s.web.servlet.DispatcherServlet        : Detected StandardServletMultipartResolver
2025-02-26T18:31:55.957Z DEBUG 31065 --- [param-ms] [RMI TCP Connection(5)-127.0.0.1] o.s.web.servlet.DispatcherServlet        : Detected AcceptHeaderLocaleResolver
2025-02-26T18:31:55.962Z DEBUG 31065 --- [param-ms] [RMI TCP Connection(5)-127.0.0.1] o.s.web.servlet.DispatcherServlet        : Detected FixedThemeResolver
2025-02-26T18:31:55.982Z DEBUG 31065 --- [param-ms] [RMI TCP Connection(5)-127.0.0.1] o.s.web.servlet.DispatcherServlet        : Detected org.springframework.web.servlet.view.DefaultRequestToViewNameTranslator@ceebb1e
2025-02-26T18:31:56.002Z DEBUG 31065 --- [param-ms] [RMI TCP Connection(5)-127.0.0.1] o.s.web.servlet.DispatcherServlet        : Detected org.springframework.web.servlet.support.SessionFlashMapManager@3afd8174
2025-02-26T18:31:56.009Z DEBUG 31065 --- [param-ms] [RMI TCP Connection(5)-127.0.0.1] o.s.web.servlet.DispatcherServlet        : enableLoggingRequestDetails='false': request parameters and headers will be masked to prevent unsafe logging of potentially sensitive data
2025-02-26T18:31:56.014Z  INFO 31065 --- [param-ms] [RMI TCP Connection(5)-127.0.0.1] o.s.web.servlet.DispatcherServlet        : Completed initialization in 66 ms
2025-02-26T18:32:24.385Z DEBUG 31065 --- [param-ms] [DiscoveryClient-CacheRefreshExecutor-%d] o.s.web.client.RestTemplate              : HTTP GET http://localhost:8761/eureka/apps/delta
2025-02-26T18:32:24.393Z DEBUG 31065 --- [param-ms] [DiscoveryClient-CacheRefreshExecutor-%d] o.s.web.client.RestTemplate              : Accept=[application/json, application/*+json]
2025-02-26T18:32:24.406Z DEBUG 31065 --- [param-ms] [DiscoveryClient-HeartbeatExecutor-%d] o.s.web.client.RestTemplate              : HTTP PUT http://localhost:8761/eureka/apps/PARAM-MS/192.168.1.94:param-ms:8081?status=UP&lastDirtyTimestamp=1740594714501
2025-02-26T18:32:24.490Z DEBUG 31065 --- [param-ms] [DiscoveryClient-CacheRefreshExecutor-%d] o.s.web.client.RestTemplate              : Response 200 OK
2025-02-26T18:32:24.494Z DEBUG 31065 --- [param-ms] [DiscoveryClient-HeartbeatExecutor-%d] o.s.web.client.RestTemplate              : Accept=[application/json, application/*+json]
2025-02-26T18:32:24.499Z DEBUG 31065 --- [param-ms] [DiscoveryClient-CacheRefreshExecutor-%d] o.s.web.client.RestTemplate              : Reading to [org.springframework.cloud.netflix.eureka.http.EurekaApplications]
2025-02-26T18:32:24.576Z DEBUG 31065 --- [param-ms] [DiscoveryClient-HeartbeatExecutor-%d] o.s.web.client.RestTemplate              : Response 200 OK
2025-02-26T18:32:27.763Z DEBUG 31065 --- [param-ms] [http-nio-8081-exec-1] o.s.web.servlet.DispatcherServlet        : GET "/courses", parameters={}
2025-02-26T18:32:27.765Z DEBUG 31065 --- [param-ms] [http-nio-8081-exec-2] o.s.web.servlet.DispatcherServlet        : GET "/teachers", parameters={}
2025-02-26T18:32:27.825Z DEBUG 31065 --- [param-ms] [http-nio-8081-exec-2] s.w.s.m.m.a.RequestMappingHandlerMapping : Mapped to com.groupeisi.elearning.teacher.controller.TeacherController#getAllTeachers()
2025-02-26T18:32:27.825Z DEBUG 31065 --- [param-ms] [http-nio-8081-exec-1] s.w.s.m.m.a.RequestMappingHandlerMapping : Mapped to com.groupeisi.elearning.course.controller.CourseController#getAllCourses()
2025-02-26T18:32:29.401Z DEBUG 31065 --- [param-ms] [http-nio-8081-exec-2] o.s.w.s.m.m.a.HttpEntityMethodProcessor  : Using 'application/json', given [application/json, text/plain, */*] and supported [application/json, application/*+json]
2025-02-26T18:32:29.401Z DEBUG 31065 --- [param-ms] [http-nio-8081-exec-1] o.s.w.s.m.m.a.HttpEntityMethodProcessor  : Using 'application/json', given [application/json, text/plain, */*] and supported [application/json, application/*+json]
2025-02-26T18:32:29.411Z DEBUG 31065 --- [param-ms] [http-nio-8081-exec-1] o.s.w.s.m.m.a.HttpEntityMethodProcessor  : Writing [[com.groupeisi.elearning.course.dtos.CourseResponseDto@7192fc9c, com.groupeisi.elearning.course.dtos (truncated)...]
2025-02-26T18:32:29.408Z DEBUG 31065 --- [param-ms] [http-nio-8081-exec-2] o.s.w.s.m.m.a.HttpEntityMethodProcessor  : Writing [[com.groupeisi.elearning.teacher.dtos.TeacherResponseDto@24b175d9, com.groupeisi.elearning.teacher.d (truncated)...]
2025-02-26T18:32:29.485Z DEBUG 31065 --- [param-ms] [http-nio-8081-exec-2] o.s.web.servlet.DispatcherServlet        : Completed 200 OK
2025-02-26T18:32:29.479Z DEBUG 31065 --- [param-ms] [http-nio-8081-exec-1] o.s.web.servlet.DispatcherServlet        : Completed 200 OK
2025-02-26T18:32:29.719Z DEBUG 31065 --- [param-ms] [http-nio-8081-exec-3] o.s.web.servlet.DispatcherServlet        : GET "/courses", parameters={}
2025-02-26T18:32:29.724Z DEBUG 31065 --- [param-ms] [http-nio-8081-exec-3] s.w.s.m.m.a.RequestMappingHandlerMapping : Mapped to com.groupeisi.elearning.course.controller.CourseController#getAllCourses()
2025-02-26T18:32:29.719Z DEBUG 31065 --- [param-ms] [http-nio-8081-exec-4] o.s.web.servlet.DispatcherServlet        : GET "/teachers", parameters={}
2025-02-26T18:32:29.749Z DEBUG 31065 --- [param-ms] [http-nio-8081-exec-4] s.w.s.m.m.a.RequestMappingHandlerMapping : Mapped to com.groupeisi.elearning.teacher.controller.TeacherController#getAllTeachers()
2025-02-26T18:32:29.830Z DEBUG 31065 --- [param-ms] [http-nio-8081-exec-3] o.s.w.s.m.m.a.HttpEntityMethodProcessor  : Using 'application/json', given [application/json, text/plain, */*] and supported [application/json, application/*+json]
2025-02-26T18:32:29.835Z DEBUG 31065 --- [param-ms] [http-nio-8081-exec-3] o.s.w.s.m.m.a.HttpEntityMethodProcessor  : Writing [[com.groupeisi.elearning.course.dtos.CourseResponseDto@5c0d5a07, com.groupeisi.elearning.course.dtos (truncated)...]
2025-02-26T18:32:29.843Z DEBUG 31065 --- [param-ms] [http-nio-8081-exec-3] o.s.web.servlet.DispatcherServlet        : Completed 200 OK
2025-02-26T18:32:29.858Z DEBUG 31065 --- [param-ms] [http-nio-8081-exec-4] o.s.w.s.m.m.a.HttpEntityMethodProcessor  : Using 'application/json', given [application/json, text/plain, */*] and supported [application/json, application/*+json]
2025-02-26T18:32:29.864Z DEBUG 31065 --- [param-ms] [http-nio-8081-exec-4] o.s.w.s.m.m.a.HttpEntityMethodProcessor  : Writing [[com.groupeisi.elearning.teacher.dtos.TeacherResponseDto@26bffafd, com.groupeisi.elearning.teacher.d (truncated)...]
2025-02-26T18:32:29.874Z DEBUG 31065 --- [param-ms] [http-nio-8081-exec-4] o.s.web.servlet.DispatcherServlet        : Completed 200 OK
2025-02-26T18:32:54.528Z DEBUG 31065 --- [param-ms] [DiscoveryClient-CacheRefreshExecutor-%d] o.s.web.client.RestTemplate              : HTTP GET http://localhost:8761/eureka/apps/delta
2025-02-26T18:32:54.531Z DEBUG 31065 --- [param-ms] [DiscoveryClient-CacheRefreshExecutor-%d] o.s.web.client.RestTemplate              : Accept=[application/json, application/*+json]
2025-02-26T18:32:54.554Z DEBUG 31065 --- [param-ms] [DiscoveryClient-CacheRefreshExecutor-%d] o.s.web.client.RestTemplate              : Response 200 OK
2025-02-26T18:32:54.555Z DEBUG 31065 --- [param-ms] [DiscoveryClient-CacheRefreshExecutor-%d] o.s.web.client.RestTemplate              : Reading to [org.springframework.cloud.netflix.eureka.http.EurekaApplications]
2025-02-26T18:32:54.601Z DEBUG 31065 --- [param-ms] [DiscoveryClient-HeartbeatExecutor-%d] o.s.web.client.RestTemplate              : HTTP PUT http://localhost:8761/eureka/apps/PARAM-MS/192.168.1.94:param-ms:8081?status=UP&lastDirtyTimestamp=1740594714501
2025-02-26T18:32:54.604Z DEBUG 31065 --- [param-ms] [DiscoveryClient-HeartbeatExecutor-%d] o.s.web.client.RestTemplate              : Accept=[application/json, application/*+json]
2025-02-26T18:32:54.621Z DEBUG 31065 --- [param-ms] [DiscoveryClient-HeartbeatExecutor-%d] o.s.web.client.RestTemplate              : Response 200 OK
2025-02-26T18:33:24.565Z DEBUG 31065 --- [param-ms] [DiscoveryClient-CacheRefreshExecutor-%d] o.s.web.client.RestTemplate              : HTTP GET http://localhost:8761/eureka/apps/delta
2025-02-26T18:33:24.567Z DEBUG 31065 --- [param-ms] [DiscoveryClient-CacheRefreshExecutor-%d] o.s.web.client.RestTemplate              : Accept=[application/json, application/*+json]
2025-02-26T18:33:24.581Z DEBUG 31065 --- [param-ms] [DiscoveryClient-CacheRefreshExecutor-%d] o.s.web.client.RestTemplate              : Response 200 OK
2025-02-26T18:33:24.583Z DEBUG 31065 --- [param-ms] [DiscoveryClient-CacheRefreshExecutor-%d] o.s.web.client.RestTemplate              : Reading to [org.springframework.cloud.netflix.eureka.http.EurekaApplications]
2025-02-26T18:33:24.626Z DEBUG 31065 --- [param-ms] [DiscoveryClient-HeartbeatExecutor-%d] o.s.web.client.RestTemplate              : HTTP PUT http://localhost:8761/eureka/apps/PARAM-MS/192.168.1.94:param-ms:8081?status=UP&lastDirtyTimestamp=1740594714501
2025-02-26T18:33:24.628Z DEBUG 31065 --- [param-ms] [DiscoveryClient-HeartbeatExecutor-%d] o.s.web.client.RestTemplate              : Accept=[application/json, application/*+json]
2025-02-26T18:33:24.643Z DEBUG 31065 --- [param-ms] [DiscoveryClient-HeartbeatExecutor-%d] o.s.web.client.RestTemplate              : Response 200 OK
2025-02-26T18:33:54.595Z DEBUG 31065 --- [param-ms] [DiscoveryClient-CacheRefreshExecutor-%d] o.s.web.client.RestTemplate              : HTTP GET http://localhost:8761/eureka/apps/delta
2025-02-26T18:33:54.599Z DEBUG 31065 --- [param-ms] [DiscoveryClient-CacheRefreshExecutor-%d] o.s.web.client.RestTemplate              : Accept=[application/json, application/*+json]
2025-02-26T18:33:54.622Z DEBUG 31065 --- [param-ms] [DiscoveryClient-CacheRefreshExecutor-%d] o.s.web.client.RestTemplate              : Response 200 OK
2025-02-26T18:33:54.624Z DEBUG 31065 --- [param-ms] [DiscoveryClient-CacheRefreshExecutor-%d] o.s.web.client.RestTemplate              : Reading to [org.springframework.cloud.netflix.eureka.http.EurekaApplications]
2025-02-26T18:33:54.647Z DEBUG 31065 --- [param-ms] [DiscoveryClient-HeartbeatExecutor-%d] o.s.web.client.RestTemplate              : HTTP PUT http://localhost:8761/eureka/apps/PARAM-MS/192.168.1.94:param-ms:8081?status=UP&lastDirtyTimestamp=1740594714501
2025-02-26T18:33:54.652Z DEBUG 31065 --- [param-ms] [DiscoveryClient-HeartbeatExecutor-%d] o.s.web.client.RestTemplate              : Accept=[application/json, application/*+json]
2025-02-26T18:33:54.675Z DEBUG 31065 --- [param-ms] [DiscoveryClient-HeartbeatExecutor-%d] o.s.web.client.RestTemplate              : Response 200 OK
2025-02-26T18:34:24.637Z DEBUG 31065 --- [param-ms] [DiscoveryClient-CacheRefreshExecutor-%d] o.s.web.client.RestTemplate              : HTTP GET http://localhost:8761/eureka/apps/delta
2025-02-26T18:34:24.641Z DEBUG 31065 --- [param-ms] [DiscoveryClient-CacheRefreshExecutor-%d] o.s.web.client.RestTemplate              : Accept=[application/json, application/*+json]
2025-02-26T18:34:24.662Z DEBUG 31065 --- [param-ms] [DiscoveryClient-CacheRefreshExecutor-%d] o.s.web.client.RestTemplate              : Response 200 OK
2025-02-26T18:34:24.664Z DEBUG 31065 --- [param-ms] [DiscoveryClient-CacheRefreshExecutor-%d] o.s.web.client.RestTemplate              : Reading to [org.springframework.cloud.netflix.eureka.http.EurekaApplications]
2025-02-26T18:34:24.680Z DEBUG 31065 --- [param-ms] [DiscoveryClient-HeartbeatExecutor-%d] o.s.web.client.RestTemplate              : HTTP PUT http://localhost:8761/eureka/apps/PARAM-MS/192.168.1.94:param-ms:8081?status=UP&lastDirtyTimestamp=1740594714501
2025-02-26T18:34:24.682Z DEBUG 31065 --- [param-ms] [DiscoveryClient-HeartbeatExecutor-%d] o.s.web.client.RestTemplate              : Accept=[application/json, application/*+json]
2025-02-26T18:34:24.706Z DEBUG 31065 --- [param-ms] [DiscoveryClient-HeartbeatExecutor-%d] o.s.web.client.RestTemplate              : Response 200 OK
2025-02-26T18:34:54.677Z DEBUG 31065 --- [param-ms] [DiscoveryClient-CacheRefreshExecutor-%d] o.s.web.client.RestTemplate              : HTTP GET http://localhost:8761/eureka/apps/delta
2025-02-26T18:34:54.681Z DEBUG 31065 --- [param-ms] [DiscoveryClient-CacheRefreshExecutor-%d] o.s.web.client.RestTemplate              : Accept=[application/json, application/*+json]
2025-02-26T18:34:54.705Z DEBUG 31065 --- [param-ms] [DiscoveryClient-CacheRefreshExecutor-%d] o.s.web.client.RestTemplate              : Response 200 OK
2025-02-26T18:34:54.707Z DEBUG 31065 --- [param-ms] [DiscoveryClient-CacheRefreshExecutor-%d] o.s.web.client.RestTemplate              : Reading to [org.springframework.cloud.netflix.eureka.http.EurekaApplications]
2025-02-26T18:34:54.712Z DEBUG 31065 --- [param-ms] [DiscoveryClient-HeartbeatExecutor-%d] o.s.web.client.RestTemplate              : HTTP PUT http://localhost:8761/eureka/apps/PARAM-MS/192.168.1.94:param-ms:8081?status=UP&lastDirtyTimestamp=1740594714501
2025-02-26T18:34:54.715Z DEBUG 31065 --- [param-ms] [DiscoveryClient-HeartbeatExecutor-%d] o.s.web.client.RestTemplate              : Accept=[application/json, application/*+json]
2025-02-26T18:34:54.738Z DEBUG 31065 --- [param-ms] [DiscoveryClient-HeartbeatExecutor-%d] o.s.web.client.RestTemplate              : Response 200 OK
2025-02-26T18:35:13.081Z DEBUG 31065 --- [param-ms] [http-nio-8081-exec-7] o.s.web.servlet.DispatcherServlet        : POST "/sessions", parameters={}
2025-02-26T18:35:13.085Z DEBUG 31065 --- [param-ms] [http-nio-8081-exec-7] s.w.s.m.m.a.RequestMappingHandlerMapping : Mapped to com.groupeisi.elearning.session.controller.SessionController#createSession(SessionRequestDto)
2025-02-26T18:35:13.207Z DEBUG 31065 --- [param-ms] [http-nio-8081-exec-7] m.m.a.RequestResponseBodyMethodProcessor : Read "application/json;charset=UTF-8" to [SessionRequestDto(name=session 1, beginDate=2025-02-26T18:33, endDate=2025-02-26T18:33, description= (truncated)...]
2025-02-26T18:35:14.067Z DEBUG 31065 --- [param-ms] [http-nio-8081-exec-7] o.s.w.s.m.m.a.HttpEntityMethodProcessor  : Using 'application/json', given [application/json, text/plain, */*] and supported [application/json, application/*+json]
2025-02-26T18:35:14.127Z DEBUG 31065 --- [param-ms] [http-nio-8081-exec-7] o.s.w.s.m.m.a.HttpEntityMethodProcessor  : Writing [SessionResponseDTO(id=15, name=session 1, beginDate=2025-02-26T18:33, endDate=2025-02-26T18:33, desc (truncated)...]
2025-02-26T18:35:14.141Z DEBUG 31065 --- [param-ms] [http-nio-8081-exec-7] o.s.web.servlet.DispatcherServlet        : Completed 201 CREATED
2025-02-26T18:35:14.580Z DEBUG 31065 --- [param-ms] [http-nio-8081-exec-8] o.s.web.servlet.DispatcherServlet        : GET "/sessions", parameters={}
2025-02-26T18:35:14.586Z DEBUG 31065 --- [param-ms] [http-nio-8081-exec-8] s.w.s.m.m.a.RequestMappingHandlerMapping : Mapped to com.groupeisi.elearning.session.controller.SessionController#getAllSessions()
2025-02-26T18:35:14.790Z DEBUG 31065 --- [param-ms] [http-nio-8081-exec-8] o.s.w.s.m.m.a.HttpEntityMethodProcessor  : Using 'application/json', given [application/json, text/plain, */*] and supported [application/json, application/*+json]
2025-02-26T18:35:14.796Z DEBUG 31065 --- [param-ms] [http-nio-8081-exec-8] o.s.w.s.m.m.a.HttpEntityMethodProcessor  : Writing [[SessionResponseDTO(id=1, name=session java 1, beginDate=2025-02-23T23:05, endDate=2025-02-23T00:05, (truncated)...]
2025-02-26T18:35:14.805Z DEBUG 31065 --- [param-ms] [http-nio-8081-exec-8] o.s.web.servlet.DispatcherServlet        : Completed 200 OK
2025-02-26T18:35:14.970Z DEBUG 31065 --- [param-ms] [http-nio-8081-exec-9] o.s.web.servlet.DispatcherServlet        : GET "/sessions", parameters={}
2025-02-26T18:35:14.981Z DEBUG 31065 --- [param-ms] [http-nio-8081-exec-9] s.w.s.m.m.a.RequestMappingHandlerMapping : Mapped to com.groupeisi.elearning.session.controller.SessionController#getAllSessions()
2025-02-26T18:35:15.180Z DEBUG 31065 --- [param-ms] [http-nio-8081-exec-9] o.s.w.s.m.m.a.HttpEntityMethodProcessor  : Using 'application/json', given [application/json, text/plain, */*] and supported [application/json, application/*+json]
2025-02-26T18:35:15.186Z DEBUG 31065 --- [param-ms] [http-nio-8081-exec-9] o.s.w.s.m.m.a.HttpEntityMethodProcessor  : Writing [[SessionResponseDTO(id=1, name=session java 1, beginDate=2025-02-23T23:05, endDate=2025-02-23T00:05, (truncated)...]
2025-02-26T18:35:15.254Z DEBUG 31065 --- [param-ms] [http-nio-8081-exec-9] o.s.web.servlet.DispatcherServlet        : Completed 200 OK
2025-02-26T18:35:24.721Z DEBUG 31065 --- [param-ms] [DiscoveryClient-CacheRefreshExecutor-%d] o.s.web.client.RestTemplate              : HTTP GET http://localhost:8761/eureka/apps/delta
2025-02-26T18:35:24.732Z DEBUG 31065 --- [param-ms] [DiscoveryClient-CacheRefreshExecutor-%d] o.s.web.client.RestTemplate              : Accept=[application/json, application/*+json]
2025-02-26T18:35:24.743Z DEBUG 31065 --- [param-ms] [DiscoveryClient-HeartbeatExecutor-%d] o.s.web.client.RestTemplate              : HTTP PUT http://localhost:8761/eureka/apps/PARAM-MS/192.168.1.94:param-ms:8081?status=UP&lastDirtyTimestamp=1740594714501
2025-02-26T18:35:24.754Z DEBUG 31065 --- [param-ms] [DiscoveryClient-HeartbeatExecutor-%d] o.s.web.client.RestTemplate              : Accept=[application/json, application/*+json]
2025-02-26T18:35:24.877Z DEBUG 31065 --- [param-ms] [DiscoveryClient-CacheRefreshExecutor-%d] o.s.web.client.RestTemplate              : Response 200 OK
2025-02-26T18:35:24.880Z DEBUG 31065 --- [param-ms] [DiscoveryClient-CacheRefreshExecutor-%d] o.s.web.client.RestTemplate              : Reading to [org.springframework.cloud.netflix.eureka.http.EurekaApplications]
2025-02-26T18:35:24.921Z DEBUG 31065 --- [param-ms] [DiscoveryClient-HeartbeatExecutor-%d] o.s.web.client.RestTemplate              : Response 200 OK
2025-02-26T18:35:54.897Z DEBUG 31065 --- [param-ms] [DiscoveryClient-CacheRefreshExecutor-%d] o.s.web.client.RestTemplate              : HTTP GET http://localhost:8761/eureka/apps/delta
2025-02-26T18:35:54.899Z DEBUG 31065 --- [param-ms] [DiscoveryClient-CacheRefreshExecutor-%d] o.s.web.client.RestTemplate              : Accept=[application/json, application/*+json]
2025-02-26T18:35:54.925Z DEBUG 31065 --- [param-ms] [DiscoveryClient-CacheRefreshExecutor-%d] o.s.web.client.RestTemplate              : Response 200 OK
2025-02-26T18:35:54.926Z DEBUG 31065 --- [param-ms] [DiscoveryClient-CacheRefreshExecutor-%d] o.s.web.client.RestTemplate              : Reading to [org.springframework.cloud.netflix.eureka.http.EurekaApplications]
2025-02-26T18:35:54.942Z DEBUG 31065 --- [param-ms] [DiscoveryClient-HeartbeatExecutor-%d] o.s.web.client.RestTemplate              : HTTP PUT http://localhost:8761/eureka/apps/PARAM-MS/192.168.1.94:param-ms:8081?status=UP&lastDirtyTimestamp=1740594714501
2025-02-26T18:35:54.946Z DEBUG 31065 --- [param-ms] [DiscoveryClient-HeartbeatExecutor-%d] o.s.web.client.RestTemplate              : Accept=[application/json, application/*+json]
2025-02-26T18:35:54.965Z DEBUG 31065 --- [param-ms] [DiscoveryClient-HeartbeatExecutor-%d] o.s.web.client.RestTemplate              : Response 200 OK
2025-02-26T18:36:02.113Z DEBUG 31065 --- [param-ms] [http-nio-8081-exec-10] o.s.web.servlet.DispatcherServlet        : GET "/courses", parameters={}
2025-02-26T18:36:02.118Z DEBUG 31065 --- [param-ms] [http-nio-8081-exec-10] s.w.s.m.m.a.RequestMappingHandlerMapping : Mapped to com.groupeisi.elearning.course.controller.CourseController#getAllCourses()
2025-02-26T18:36:02.180Z DEBUG 31065 --- [param-ms] [http-nio-8081-exec-10] o.s.w.s.m.m.a.HttpEntityMethodProcessor  : Using 'application/json', given [application/json, text/plain, */*] and supported [application/json, application/*+json]
2025-02-26T18:36:02.182Z DEBUG 31065 --- [param-ms] [http-nio-8081-exec-10] o.s.w.s.m.m.a.HttpEntityMethodProcessor  : Writing [[com.groupeisi.elearning.course.dtos.CourseResponseDto@1130765b, com.groupeisi.elearning.course.dtos (truncated)...]
2025-02-26T18:36:02.198Z DEBUG 31065 --- [param-ms] [http-nio-8081-exec-10] o.s.web.servlet.DispatcherServlet        : Completed 200 OK
2025-02-26T18:36:02.295Z DEBUG 31065 --- [param-ms] [http-nio-8081-exec-1] o.s.web.servlet.DispatcherServlet        : GET "/courses", parameters={}
2025-02-26T18:36:02.300Z DEBUG 31065 --- [param-ms] [http-nio-8081-exec-1] s.w.s.m.m.a.RequestMappingHandlerMapping : Mapped to com.groupeisi.elearning.course.controller.CourseController#getAllCourses()
2025-02-26T18:36:02.358Z DEBUG 31065 --- [param-ms] [http-nio-8081-exec-1] o.s.w.s.m.m.a.HttpEntityMethodProcessor  : Using 'application/json', given [application/json, text/plain, */*] and supported [application/json, application/*+json]
2025-02-26T18:36:02.359Z DEBUG 31065 --- [param-ms] [http-nio-8081-exec-1] o.s.w.s.m.m.a.HttpEntityMethodProcessor  : Writing [[com.groupeisi.elearning.course.dtos.CourseResponseDto@335b9aec, com.groupeisi.elearning.course.dtos (truncated)...]
2025-02-26T18:36:02.372Z DEBUG 31065 --- [param-ms] [http-nio-8081-exec-1] o.s.web.servlet.DispatcherServlet        : Completed 200 OK
2025-02-26T18:36:15.219Z DEBUG 31065 --- [param-ms] [http-nio-8081-exec-2] o.s.web.servlet.DispatcherServlet        : GET "/teachers", parameters={}
2025-02-26T18:36:15.226Z DEBUG 31065 --- [param-ms] [http-nio-8081-exec-2] s.w.s.m.m.a.RequestMappingHandlerMapping : Mapped to com.groupeisi.elearning.teacher.controller.TeacherController#getAllTeachers()
2025-02-26T18:36:15.301Z DEBUG 31065 --- [param-ms] [http-nio-8081-exec-2] o.s.w.s.m.m.a.HttpEntityMethodProcessor  : Using 'application/json', given [application/json, text/plain, */*] and supported [application/json, application/*+json]
2025-02-26T18:36:15.302Z DEBUG 31065 --- [param-ms] [http-nio-8081-exec-2] o.s.w.s.m.m.a.HttpEntityMethodProcessor  : Writing [[com.groupeisi.elearning.teacher.dtos.TeacherResponseDto@70daab2f, com.groupeisi.elearning.teacher.d (truncated)...]
2025-02-26T18:36:15.308Z DEBUG 31065 --- [param-ms] [http-nio-8081-exec-2] o.s.web.servlet.DispatcherServlet        : Completed 200 OK
2025-02-26T18:36:15.407Z DEBUG 31065 --- [param-ms] [http-nio-8081-exec-3] o.s.web.servlet.DispatcherServlet        : GET "/teachers", parameters={}
2025-02-26T18:36:15.410Z DEBUG 31065 --- [param-ms] [http-nio-8081-exec-3] s.w.s.m.m.a.RequestMappingHandlerMapping : Mapped to com.groupeisi.elearning.teacher.controller.TeacherController#getAllTeachers()
2025-02-26T18:36:15.455Z DEBUG 31065 --- [param-ms] [http-nio-8081-exec-3] o.s.w.s.m.m.a.HttpEntityMethodProcessor  : Using 'application/json', given [application/json, text/plain, */*] and supported [application/json, application/*+json]
2025-02-26T18:36:15.457Z DEBUG 31065 --- [param-ms] [http-nio-8081-exec-3] o.s.w.s.m.m.a.HttpEntityMethodProcessor  : Writing [[com.groupeisi.elearning.teacher.dtos.TeacherResponseDto@16164a7c, com.groupeisi.elearning.teacher.d (truncated)...]
2025-02-26T18:36:15.463Z DEBUG 31065 --- [param-ms] [http-nio-8081-exec-3] o.s.web.servlet.DispatcherServlet        : Completed 200 OK
2025-02-26T18:36:24.931Z DEBUG 31065 --- [param-ms] [DiscoveryClient-CacheRefreshExecutor-%d] o.s.web.client.RestTemplate              : HTTP GET http://localhost:8761/eureka/apps/delta
2025-02-26T18:36:24.933Z DEBUG 31065 --- [param-ms] [DiscoveryClient-CacheRefreshExecutor-%d] o.s.web.client.RestTemplate              : Accept=[application/json, application/*+json]
2025-02-26T18:36:24.947Z DEBUG 31065 --- [param-ms] [DiscoveryClient-CacheRefreshExecutor-%d] o.s.web.client.RestTemplate              : Response 200 OK
2025-02-26T18:36:24.949Z DEBUG 31065 --- [param-ms] [DiscoveryClient-CacheRefreshExecutor-%d] o.s.web.client.RestTemplate              : Reading to [org.springframework.cloud.netflix.eureka.http.EurekaApplications]
2025-02-26T18:36:24.969Z DEBUG 31065 --- [param-ms] [DiscoveryClient-HeartbeatExecutor-%d] o.s.web.client.RestTemplate              : HTTP PUT http://localhost:8761/eureka/apps/PARAM-MS/192.168.1.94:param-ms:8081?status=UP&lastDirtyTimestamp=1740594714501
2025-02-26T18:36:24.972Z DEBUG 31065 --- [param-ms] [DiscoveryClient-HeartbeatExecutor-%d] o.s.web.client.RestTemplate              : Accept=[application/json, application/*+json]
2025-02-26T18:36:24.987Z DEBUG 31065 --- [param-ms] [DiscoveryClient-HeartbeatExecutor-%d] o.s.web.client.RestTemplate              : Response 200 OK
2025-02-26T18:36:34.041Z DEBUG 31065 --- [param-ms] [http-nio-8081-exec-4] o.s.web.servlet.DispatcherServlet        : GET "/sessions", parameters={}
2025-02-26T18:36:34.044Z DEBUG 31065 --- [param-ms] [http-nio-8081-exec-4] s.w.s.m.m.a.RequestMappingHandlerMapping : Mapped to com.groupeisi.elearning.session.controller.SessionController#getAllSessions()
2025-02-26T18:36:34.145Z DEBUG 31065 --- [param-ms] [http-nio-8081-exec-4] o.s.w.s.m.m.a.HttpEntityMethodProcessor  : Using 'application/json', given [application/json, text/plain, */*] and supported [application/json, application/*+json]
2025-02-26T18:36:34.146Z DEBUG 31065 --- [param-ms] [http-nio-8081-exec-4] o.s.w.s.m.m.a.HttpEntityMethodProcessor  : Writing [[SessionResponseDTO(id=1, name=session java 1, beginDate=2025-02-23T23:05, endDate=2025-02-23T00:05, (truncated)...]
2025-02-26T18:36:34.166Z DEBUG 31065 --- [param-ms] [http-nio-8081-exec-4] o.s.web.servlet.DispatcherServlet        : Completed 200 OK
2025-02-26T18:36:34.215Z DEBUG 31065 --- [param-ms] [http-nio-8081-exec-5] o.s.web.servlet.DispatcherServlet        : GET "/sessions", parameters={}
2025-02-26T18:36:34.217Z DEBUG 31065 --- [param-ms] [http-nio-8081-exec-5] s.w.s.m.m.a.RequestMappingHandlerMapping : Mapped to com.groupeisi.elearning.session.controller.SessionController#getAllSessions()
2025-02-26T18:36:34.385Z DEBUG 31065 --- [param-ms] [http-nio-8081-exec-5] o.s.w.s.m.m.a.HttpEntityMethodProcessor  : Using 'application/json', given [application/json, text/plain, */*] and supported [application/json, application/*+json]
2025-02-26T18:36:34.393Z DEBUG 31065 --- [param-ms] [http-nio-8081-exec-5] o.s.w.s.m.m.a.HttpEntityMethodProcessor  : Writing [[SessionResponseDTO(id=1, name=session java 1, beginDate=2025-02-23T23:05, endDate=2025-02-23T00:05, (truncated)...]
2025-02-26T18:36:34.414Z DEBUG 31065 --- [param-ms] [http-nio-8081-exec-5] o.s.web.servlet.DispatcherServlet        : Completed 200 OK
2025-02-26T18:36:38.325Z DEBUG 31065 --- [param-ms] [http-nio-8081-exec-6] o.s.web.servlet.DispatcherServlet        : GET "/teachers", parameters={}
2025-02-26T18:36:38.329Z DEBUG 31065 --- [param-ms] [http-nio-8081-exec-6] s.w.s.m.m.a.RequestMappingHandlerMapping : Mapped to com.groupeisi.elearning.teacher.controller.TeacherController#getAllTeachers()
2025-02-26T18:36:38.450Z DEBUG 31065 --- [param-ms] [http-nio-8081-exec-6] o.s.w.s.m.m.a.HttpEntityMethodProcessor  : Using 'application/json', given [application/json, text/plain, */*] and supported [application/json, application/*+json]
2025-02-26T18:36:38.456Z DEBUG 31065 --- [param-ms] [http-nio-8081-exec-6] o.s.w.s.m.m.a.HttpEntityMethodProcessor  : Writing [[com.groupeisi.elearning.teacher.dtos.TeacherResponseDto@53e21f8c, com.groupeisi.elearning.teacher.d (truncated)...]
2025-02-26T18:36:38.493Z DEBUG 31065 --- [param-ms] [http-nio-8081-exec-6] o.s.web.servlet.DispatcherServlet        : Completed 200 OK
2025-02-26T18:36:38.648Z DEBUG 31065 --- [param-ms] [http-nio-8081-exec-7] o.s.web.servlet.DispatcherServlet        : GET "/courses", parameters={}
2025-02-26T18:36:38.654Z DEBUG 31065 --- [param-ms] [http-nio-8081-exec-8] o.s.web.servlet.DispatcherServlet        : GET "/sessions/1", parameters={}
2025-02-26T18:36:38.661Z DEBUG 31065 --- [param-ms] [http-nio-8081-exec-7] s.w.s.m.m.a.RequestMappingHandlerMapping : Mapped to com.groupeisi.elearning.course.controller.CourseController#getAllCourses()
2025-02-26T18:36:38.683Z DEBUG 31065 --- [param-ms] [http-nio-8081-exec-8] s.w.s.m.m.a.RequestMappingHandlerMapping : Mapped to com.groupeisi.elearning.session.controller.SessionController#getSession(Long)
2025-02-26T18:36:38.833Z DEBUG 31065 --- [param-ms] [http-nio-8081-exec-7] o.s.w.s.m.m.a.HttpEntityMethodProcessor  : Using 'application/json', given [application/json, text/plain, */*] and supported [application/json, application/*+json]
2025-02-26T18:36:38.836Z DEBUG 31065 --- [param-ms] [http-nio-8081-exec-8] o.s.w.s.m.m.a.HttpEntityMethodProcessor  : Using 'application/json', given [application/json, text/plain, */*] and supported [application/json, application/*+json]
2025-02-26T18:36:38.841Z DEBUG 31065 --- [param-ms] [http-nio-8081-exec-8] o.s.w.s.m.m.a.HttpEntityMethodProcessor  : Writing [SessionResponseDTO(id=1, name=session java 1, beginDate=2025-02-23T23:05, endDate=2025-02-23T00:05,  (truncated)...]
2025-02-26T18:36:38.840Z DEBUG 31065 --- [param-ms] [http-nio-8081-exec-7] o.s.w.s.m.m.a.HttpEntityMethodProcessor  : Writing [[com.groupeisi.elearning.course.dtos.CourseResponseDto@230bf767, com.groupeisi.elearning.course.dtos (truncated)...]
2025-02-26T18:36:38.867Z DEBUG 31065 --- [param-ms] [http-nio-8081-exec-8] o.s.web.servlet.DispatcherServlet        : Completed 200 OK
2025-02-26T18:36:38.876Z DEBUG 31065 --- [param-ms] [http-nio-8081-exec-7] o.s.web.servlet.DispatcherServlet        : Completed 200 OK
2025-02-26T18:36:39.222Z DEBUG 31065 --- [param-ms] [http-nio-8081-exec-9] o.s.web.servlet.DispatcherServlet        : GET "/courses", parameters={}
2025-02-26T18:36:39.239Z DEBUG 31065 --- [param-ms] [http-nio-8081-exec-10] o.s.web.servlet.DispatcherServlet        : GET "/teachers", parameters={}
2025-02-26T18:36:39.257Z DEBUG 31065 --- [param-ms] [http-nio-8081-exec-1] o.s.web.servlet.DispatcherServlet        : GET "/sessions/1", parameters={}
2025-02-26T18:36:39.258Z DEBUG 31065 --- [param-ms] [http-nio-8081-exec-9] s.w.s.m.m.a.RequestMappingHandlerMapping : Mapped to com.groupeisi.elearning.course.controller.CourseController#getAllCourses()
2025-02-26T18:36:39.277Z DEBUG 31065 --- [param-ms] [http-nio-8081-exec-1] s.w.s.m.m.a.RequestMappingHandlerMapping : Mapped to com.groupeisi.elearning.session.controller.SessionController#getSession(Long)
2025-02-26T18:36:39.283Z DEBUG 31065 --- [param-ms] [http-nio-8081-exec-10] s.w.s.m.m.a.RequestMappingHandlerMapping : Mapped to com.groupeisi.elearning.teacher.controller.TeacherController#getAllTeachers()
2025-02-26T18:36:39.485Z DEBUG 31065 --- [param-ms] [http-nio-8081-exec-1] o.s.w.s.m.m.a.HttpEntityMethodProcessor  : Using 'application/json', given [application/json, text/plain, */*] and supported [application/json, application/*+json]
2025-02-26T18:36:39.495Z DEBUG 31065 --- [param-ms] [http-nio-8081-exec-1] o.s.w.s.m.m.a.HttpEntityMethodProcessor  : Writing [SessionResponseDTO(id=1, name=session java 1, beginDate=2025-02-23T23:05, endDate=2025-02-23T00:05,  (truncated)...]
2025-02-26T18:36:39.507Z DEBUG 31065 --- [param-ms] [http-nio-8081-exec-9] o.s.w.s.m.m.a.HttpEntityMethodProcessor  : Using 'application/json', given [application/json, text/plain, */*] and supported [application/json, application/*+json]
2025-02-26T18:36:39.516Z DEBUG 31065 --- [param-ms] [http-nio-8081-exec-1] o.s.web.servlet.DispatcherServlet        : Completed 200 OK
2025-02-26T18:36:39.536Z DEBUG 31065 --- [param-ms] [http-nio-8081-exec-9] o.s.w.s.m.m.a.HttpEntityMethodProcessor  : Writing [[com.groupeisi.elearning.course.dtos.CourseResponseDto@5c92edd7, com.groupeisi.elearning.course.dtos (truncated)...]
2025-02-26T18:36:39.533Z DEBUG 31065 --- [param-ms] [http-nio-8081-exec-10] o.s.w.s.m.m.a.HttpEntityMethodProcessor  : Using 'application/json', given [application/json, text/plain, */*] and supported [application/json, application/*+json]
2025-02-26T18:36:39.549Z DEBUG 31065 --- [param-ms] [http-nio-8081-exec-10] o.s.w.s.m.m.a.HttpEntityMethodProcessor  : Writing [[com.groupeisi.elearning.teacher.dtos.TeacherResponseDto@7e65b562, com.groupeisi.elearning.teacher.d (truncated)...]
2025-02-26T18:36:39.560Z DEBUG 31065 --- [param-ms] [http-nio-8081-exec-9] o.s.web.servlet.DispatcherServlet        : Completed 200 OK
2025-02-26T18:36:39.622Z DEBUG 31065 --- [param-ms] [http-nio-8081-exec-10] o.s.web.servlet.DispatcherServlet        : Completed 200 OK
2025-02-26T18:36:48.344Z  INFO 31065 --- [param-ms] [AsyncResolver-bootstrap-executor-%d] c.n.d.s.r.aws.ConfigClusterResolver      : Resolving eureka endpoints via configuration
2025-02-26T18:36:54.953Z DEBUG 31065 --- [param-ms] [DiscoveryClient-CacheRefreshExecutor-%d] o.s.web.client.RestTemplate              : HTTP GET http://localhost:8761/eureka/apps/delta
2025-02-26T18:36:54.954Z DEBUG 31065 --- [param-ms] [DiscoveryClient-CacheRefreshExecutor-%d] o.s.web.client.RestTemplate              : Accept=[application/json, application/*+json]
2025-02-26T18:36:54.970Z DEBUG 31065 --- [param-ms] [DiscoveryClient-CacheRefreshExecutor-%d] o.s.web.client.RestTemplate              : Response 200 OK
2025-02-26T18:36:54.971Z DEBUG 31065 --- [param-ms] [DiscoveryClient-CacheRefreshExecutor-%d] o.s.web.client.RestTemplate              : Reading to [org.springframework.cloud.netflix.eureka.http.EurekaApplications]
2025-02-26T18:36:54.991Z DEBUG 31065 --- [param-ms] [DiscoveryClient-HeartbeatExecutor-%d] o.s.web.client.RestTemplate              : HTTP PUT http://localhost:8761/eureka/apps/PARAM-MS/192.168.1.94:param-ms:8081?status=UP&lastDirtyTimestamp=1740594714501
2025-02-26T18:36:54.997Z DEBUG 31065 --- [param-ms] [DiscoveryClient-HeartbeatExecutor-%d] o.s.web.client.RestTemplate              : Accept=[application/json, application/*+json]
2025-02-26T18:36:55.011Z DEBUG 31065 --- [param-ms] [DiscoveryClient-HeartbeatExecutor-%d] o.s.web.client.RestTemplate              : Response 200 OK
2025-02-26T18:37:16.896Z DEBUG 31065 --- [param-ms] [http-nio-8081-exec-2] o.s.web.servlet.DispatcherServlet        : GET "/sessions", parameters={}
2025-02-26T18:37:16.900Z DEBUG 31065 --- [param-ms] [http-nio-8081-exec-2] s.w.s.m.m.a.RequestMappingHandlerMapping : Mapped to com.groupeisi.elearning.session.controller.SessionController#getAllSessions()
2025-02-26T18:37:16.968Z DEBUG 31065 --- [param-ms] [http-nio-8081-exec-2] o.s.w.s.m.m.a.HttpEntityMethodProcessor  : Using 'application/json', given [application/json, text/plain, */*] and supported [application/json, application/*+json]
2025-02-26T18:37:16.970Z DEBUG 31065 --- [param-ms] [http-nio-8081-exec-2] o.s.w.s.m.m.a.HttpEntityMethodProcessor  : Writing [[SessionResponseDTO(id=1, name=session java 1, beginDate=2025-02-23T23:05, endDate=2025-02-23T00:05, (truncated)...]
2025-02-26T18:37:16.975Z DEBUG 31065 --- [param-ms] [http-nio-8081-exec-2] o.s.web.servlet.DispatcherServlet        : Completed 200 OK
2025-02-26T18:37:17.021Z DEBUG 31065 --- [param-ms] [http-nio-8081-exec-3] o.s.web.servlet.DispatcherServlet        : GET "/sessions", parameters={}
2025-02-26T18:37:17.026Z DEBUG 31065 --- [param-ms] [http-nio-8081-exec-3] s.w.s.m.m.a.RequestMappingHandlerMapping : Mapped to com.groupeisi.elearning.session.controller.SessionController#getAllSessions()
2025-02-26T18:37:17.109Z DEBUG 31065 --- [param-ms] [http-nio-8081-exec-3] o.s.w.s.m.m.a.HttpEntityMethodProcessor  : Using 'application/json', given [application/json, text/plain, */*] and supported [application/json, application/*+json]
2025-02-26T18:37:17.111Z DEBUG 31065 --- [param-ms] [http-nio-8081-exec-3] o.s.w.s.m.m.a.HttpEntityMethodProcessor  : Writing [[SessionResponseDTO(id=1, name=session java 1, beginDate=2025-02-23T23:05, endDate=2025-02-23T00:05, (truncated)...]
2025-02-26T18:37:17.117Z DEBUG 31065 --- [param-ms] [http-nio-8081-exec-3] o.s.web.servlet.DispatcherServlet        : Completed 200 OK
2025-02-26T18:37:24.976Z DEBUG 31065 --- [param-ms] [DiscoveryClient-CacheRefreshExecutor-%d] o.s.web.client.RestTemplate              : HTTP GET http://localhost:8761/eureka/apps/delta
2025-02-26T18:37:24.978Z DEBUG 31065 --- [param-ms] [DiscoveryClient-CacheRefreshExecutor-%d] o.s.web.client.RestTemplate              : Accept=[application/json, application/*+json]
2025-02-26T18:37:24.997Z DEBUG 31065 --- [param-ms] [DiscoveryClient-CacheRefreshExecutor-%d] o.s.web.client.RestTemplate              : Response 200 OK
2025-02-26T18:37:24.998Z DEBUG 31065 --- [param-ms] [DiscoveryClient-CacheRefreshExecutor-%d] o.s.web.client.RestTemplate              : Reading to [org.springframework.cloud.netflix.eureka.http.EurekaApplications]
2025-02-26T18:37:25.016Z DEBUG 31065 --- [param-ms] [DiscoveryClient-HeartbeatExecutor-%d] o.s.web.client.RestTemplate              : HTTP PUT http://localhost:8761/eureka/apps/PARAM-MS/192.168.1.94:param-ms:8081?status=UP&lastDirtyTimestamp=1740594714501
2025-02-26T18:37:25.018Z DEBUG 31065 --- [param-ms] [DiscoveryClient-HeartbeatExecutor-%d] o.s.web.client.RestTemplate              : Accept=[application/json, application/*+json]
2025-02-26T18:37:25.041Z DEBUG 31065 --- [param-ms] [DiscoveryClient-HeartbeatExecutor-%d] o.s.web.client.RestTemplate              : Response 200 OK
2025-02-26T18:37:55.005Z DEBUG 31065 --- [param-ms] [DiscoveryClient-CacheRefreshExecutor-%d] o.s.web.client.RestTemplate              : HTTP GET http://localhost:8761/eureka/apps/delta
2025-02-26T18:37:55.008Z DEBUG 31065 --- [param-ms] [DiscoveryClient-CacheRefreshExecutor-%d] o.s.web.client.RestTemplate              : Accept=[application/json, application/*+json]
2025-02-26T18:37:55.040Z DEBUG 31065 --- [param-ms] [DiscoveryClient-CacheRefreshExecutor-%d] o.s.web.client.RestTemplate              : Response 200 OK
2025-02-26T18:37:55.041Z DEBUG 31065 --- [param-ms] [DiscoveryClient-CacheRefreshExecutor-%d] o.s.web.client.RestTemplate              : Reading to [org.springframework.cloud.netflix.eureka.http.EurekaApplications]
2025-02-26T18:37:55.050Z DEBUG 31065 --- [param-ms] [DiscoveryClient-HeartbeatExecutor-%d] o.s.web.client.RestTemplate              : HTTP PUT http://localhost:8761/eureka/apps/PARAM-MS/192.168.1.94:param-ms:8081?status=UP&lastDirtyTimestamp=1740594714501
2025-02-26T18:37:55.052Z DEBUG 31065 --- [param-ms] [DiscoveryClient-HeartbeatExecutor-%d] o.s.web.client.RestTemplate              : Accept=[application/json, application/*+json]
2025-02-26T18:37:55.071Z DEBUG 31065 --- [param-ms] [DiscoveryClient-HeartbeatExecutor-%d] o.s.web.client.RestTemplate              : Response 200 OK
2025-02-26T18:37:59.128Z DEBUG 31065 --- [param-ms] [http-nio-8081-exec-5] o.s.web.servlet.DispatcherServlet        : DELETE "/sessions/15", parameters={}
2025-02-26T18:37:59.131Z DEBUG 31065 --- [param-ms] [http-nio-8081-exec-5] s.w.s.m.m.a.RequestMappingHandlerMapping : Mapped to com.groupeisi.elearning.session.controller.SessionController#deleteSession(Long)
2025-02-26T18:37:59.328Z DEBUG 31065 --- [param-ms] [http-nio-8081-exec-5] o.s.w.s.m.m.a.HttpEntityMethodProcessor  : Using 'application/json', given [application/json, text/plain, */*] and supported [application/json, application/*+json]
2025-02-26T18:37:59.334Z DEBUG 31065 --- [param-ms] [http-nio-8081-exec-5] o.s.w.s.m.m.a.HttpEntityMethodProcessor  : Nothing to write: null body
2025-02-26T18:37:59.337Z DEBUG 31065 --- [param-ms] [http-nio-8081-exec-5] o.s.web.servlet.DispatcherServlet        : Completed 204 NO_CONTENT
2025-02-26T18:38:25.048Z DEBUG 31065 --- [param-ms] [DiscoveryClient-CacheRefreshExecutor-%d] o.s.web.client.RestTemplate              : HTTP GET http://localhost:8761/eureka/apps/delta
2025-02-26T18:38:25.050Z DEBUG 31065 --- [param-ms] [DiscoveryClient-CacheRefreshExecutor-%d] o.s.web.client.RestTemplate              : Accept=[application/json, application/*+json]
2025-02-26T18:38:25.067Z DEBUG 31065 --- [param-ms] [DiscoveryClient-CacheRefreshExecutor-%d] o.s.web.client.RestTemplate              : Response 200 OK
2025-02-26T18:38:25.068Z DEBUG 31065 --- [param-ms] [DiscoveryClient-CacheRefreshExecutor-%d] o.s.web.client.RestTemplate              : Reading to [org.springframework.cloud.netflix.eureka.http.EurekaApplications]
2025-02-26T18:38:25.075Z DEBUG 31065 --- [param-ms] [DiscoveryClient-HeartbeatExecutor-%d] o.s.web.client.RestTemplate              : HTTP PUT http://localhost:8761/eureka/apps/PARAM-MS/192.168.1.94:param-ms:8081?status=UP&lastDirtyTimestamp=1740594714501
2025-02-26T18:38:25.081Z DEBUG 31065 --- [param-ms] [DiscoveryClient-HeartbeatExecutor-%d] o.s.web.client.RestTemplate              : Accept=[application/json, application/*+json]
2025-02-26T18:38:25.117Z DEBUG 31065 --- [param-ms] [DiscoveryClient-HeartbeatExecutor-%d] o.s.web.client.RestTemplate              : Response 200 OK
2025-02-26T18:38:55.080Z DEBUG 31065 --- [param-ms] [DiscoveryClient-CacheRefreshExecutor-%d] o.s.web.client.RestTemplate              : HTTP GET http://localhost:8761/eureka/apps/delta
2025-02-26T18:38:55.084Z DEBUG 31065 --- [param-ms] [DiscoveryClient-CacheRefreshExecutor-%d] o.s.web.client.RestTemplate              : Accept=[application/json, application/*+json]
2025-02-26T18:38:55.126Z DEBUG 31065 --- [param-ms] [DiscoveryClient-HeartbeatExecutor-%d] o.s.web.client.RestTemplate              : HTTP PUT http://localhost:8761/eureka/apps/PARAM-MS/192.168.1.94:param-ms:8081?status=UP&lastDirtyTimestamp=1740594714501
2025-02-26T18:38:55.132Z DEBUG 31065 --- [param-ms] [DiscoveryClient-HeartbeatExecutor-%d] o.s.web.client.RestTemplate              : Accept=[application/json, application/*+json]
2025-02-26T18:38:55.156Z DEBUG 31065 --- [param-ms] [DiscoveryClient-CacheRefreshExecutor-%d] o.s.web.client.RestTemplate              : Response 200 OK
2025-02-26T18:38:55.160Z DEBUG 31065 --- [param-ms] [DiscoveryClient-CacheRefreshExecutor-%d] o.s.web.client.RestTemplate              : Reading to [org.springframework.cloud.netflix.eureka.http.EurekaApplications]
2025-02-26T18:38:55.179Z DEBUG 31065 --- [param-ms] [DiscoveryClient-HeartbeatExecutor-%d] o.s.web.client.RestTemplate              : Response 200 OK
2025-02-26T18:39:22.642Z  INFO 31065 --- [param-ms] [SpringApplicationShutdownHook] o.s.c.n.e.s.EurekaServiceRegistry        : Unregistering application PARAM-MS with eureka with status DOWN
2025-02-26T18:39:22.643Z  INFO 31065 --- [param-ms] [SpringApplicationShutdownHook] com.netflix.discovery.DiscoveryClient    : Saw local status change event StatusChangeEvent [timestamp=1740595162643, current=DOWN, previous=UP]
2025-02-26T18:39:22.650Z  INFO 31065 --- [param-ms] [DiscoveryClient-InstanceInfoReplicator-%d] com.netflix.discovery.DiscoveryClient    : DiscoveryClient_PARAM-MS/192.168.1.94:param-ms:8081: registering service...
2025-02-26T18:39:22.652Z DEBUG 31065 --- [param-ms] [DiscoveryClient-InstanceInfoReplicator-%d] o.s.web.client.RestTemplate              : HTTP POST http://localhost:8761/eureka/apps/PARAM-MS
2025-02-26T18:39:22.660Z  INFO 31065 --- [param-ms] [SpringApplicationShutdownHook] o.s.b.w.e.tomcat.GracefulShutdown        : Commencing graceful shutdown. Waiting for active requests to complete
2025-02-26T18:39:22.670Z  INFO 31065 --- [param-ms] [tomcat-shutdown] o.s.b.w.e.tomcat.GracefulShutdown        : Graceful shutdown complete
2025-02-26T18:39:22.670Z DEBUG 31065 --- [param-ms] [DiscoveryClient-InstanceInfoReplicator-%d] o.s.web.client.RestTemplate              : Accept=[application/json, application/*+json]
2025-02-26T18:39:22.671Z DEBUG 31065 --- [param-ms] [DiscoveryClient-InstanceInfoReplicator-%d] o.s.web.client.RestTemplate              : Writing [InstanceInfo [instanceId = 192.168.1.94:param-ms:8081, appName = PARAM-MS, hostName = 192.168.1.94, status = DOWN, ipAddr = 192.168.1.94, port = 8081, securePort = 443, dataCenterInfo = com.netflix.appinfo.MyDataCenterInfo@5ecdfc6] as "application/json"
2025-02-26T18:39:22.721Z DEBUG 31065 --- [param-ms] [DiscoveryClient-InstanceInfoReplicator-%d] o.s.web.client.RestTemplate              : Response 204 NO_CONTENT
2025-02-26T18:39:22.723Z  INFO 31065 --- [param-ms] [DiscoveryClient-InstanceInfoReplicator-%d] com.netflix.discovery.DiscoveryClient    : DiscoveryClient_PARAM-MS/192.168.1.94:param-ms:8081 - registration status: 204
2025-02-26T18:39:22.749Z  INFO 31065 --- [param-ms] [SpringApplicationShutdownHook] j.LocalContainerEntityManagerFactoryBean : Closing JPA EntityManagerFactory for persistence unit 'default'
2025-02-26T18:39:22.804Z  INFO 31065 --- [param-ms] [SpringApplicationShutdownHook] com.zaxxer.hikari.HikariDataSource       : HikariPool-1 - Shutdown initiated...
2025-02-26T18:39:23.027Z  INFO 31065 --- [param-ms] [SpringApplicationShutdownHook] com.zaxxer.hikari.HikariDataSource       : HikariPool-1 - Shutdown completed.
2025-02-26T18:39:23.034Z  INFO 31065 --- [param-ms] [SpringApplicationShutdownHook] com.netflix.discovery.DiscoveryClient    : Shutting down DiscoveryClient ...
2025-02-26T18:39:25.166Z DEBUG 31065 --- [param-ms] [DiscoveryClient-CacheRefreshExecutor-%d] o.s.web.client.RestTemplate              : HTTP GET http://localhost:8761/eureka/apps/delta
2025-02-26T18:39:25.170Z DEBUG 31065 --- [param-ms] [DiscoveryClient-CacheRefreshExecutor-%d] o.s.web.client.RestTemplate              : Accept=[application/json, application/*+json]
2025-02-26T18:39:25.188Z DEBUG 31065 --- [param-ms] [DiscoveryClient-HeartbeatExecutor-%d] o.s.web.client.RestTemplate              : HTTP PUT http://localhost:8761/eureka/apps/PARAM-MS/192.168.1.94:param-ms:8081?status=DOWN&lastDirtyTimestamp=1740595162643
2025-02-26T18:39:25.189Z DEBUG 31065 --- [param-ms] [DiscoveryClient-HeartbeatExecutor-%d] o.s.web.client.RestTemplate              : Accept=[application/json, application/*+json]
2025-02-26T18:39:25.203Z DEBUG 31065 --- [param-ms] [DiscoveryClient-CacheRefreshExecutor-%d] o.s.web.client.RestTemplate              : Response 200 OK
2025-02-26T18:39:25.207Z DEBUG 31065 --- [param-ms] [DiscoveryClient-CacheRefreshExecutor-%d] o.s.web.client.RestTemplate              : Reading to [org.springframework.cloud.netflix.eureka.http.EurekaApplications]
2025-02-26T18:39:25.244Z DEBUG 31065 --- [param-ms] [DiscoveryClient-HeartbeatExecutor-%d] o.s.web.client.RestTemplate              : Response 200 OK
2025-02-26T18:39:26.043Z  WARN 31065 --- [param-ms] [DiscoveryClient-%d] c.netflix.discovery.TimedSupervisorTask  : task supervisor shutting down, can't accept the task
2025-02-26T18:39:26.044Z  INFO 31065 --- [param-ms] [SpringApplicationShutdownHook] com.netflix.discovery.DiscoveryClient    : Unregistering ...
2025-02-26T18:39:26.052Z DEBUG 31065 --- [param-ms] [SpringApplicationShutdownHook] o.s.web.client.RestTemplate              : HTTP DELETE http://localhost:8761/eureka/apps/PARAM-MS/192.168.1.94:param-ms:8081
2025-02-26T18:39:26.070Z DEBUG 31065 --- [param-ms] [SpringApplicationShutdownHook] o.s.web.client.RestTemplate              : Accept=[application/json, application/*+json]
2025-02-26T18:39:26.194Z DEBUG 31065 --- [param-ms] [SpringApplicationShutdownHook] o.s.web.client.RestTemplate              : Response 200 OK
2025-02-26T18:39:26.196Z  INFO 31065 --- [param-ms] [SpringApplicationShutdownHook] com.netflix.discovery.DiscoveryClient    : DiscoveryClient_PARAM-MS/192.168.1.94:param-ms:8081 - deregister  status: 200
2025-02-26T18:39:26.199Z  INFO 31065 --- [param-ms] [SpringApplicationShutdownHook] com.netflix.discovery.DiscoveryClient    : Completed shut down of DiscoveryClient
